Importing module to test:

    >>> print_square = __import__('4-print_square').print_square

SUCCESSFUL TESTS:

Test with an integer

    >>> print_square(4)
    ####
    ####
    ####
    ####
    >>> print_square(0)
    
    >>> print_square(1)
    #

UNSUCCESSFUL TESTS:

Test with not int:

    >>> print_square(3.3)
    Traceback (most recent call last):
    ...
    TypeError: size must be an integer
    >>> print_square("hello")
    Traceback (most recent call last):
    ...
    TypeError: size must be an integer
    >>> print_square([3])
    Traceback (most recent call last):
    ...
    TypeError: size must be an integer

Test with negative numbers:

    >>> print_square(-2)
    Traceback (most recent call last):
    ...
    ValueError: size must be >= 0

Test with negative and float:

    >>> print_square(-2.5)
    Traceback (most recent call last):
    ...
    TypeError: size must be an integer

Test with no arguments:

     >>> print_square()
     Traceback (most recent call last):
     ...
     TypeError: print_square() missing 1 required positional argument: 'size'

Test with more than 1 argument:

     >>> print_square(1, 2)
     Traceback (most recent call last):
     ...
     TypeError: print_square() takes 1 positional argument but 2 were given
